Release 14.5 - xst P.58f (nt64)
Copyright (c) 1995-2012 Xilinx, Inc.  All rights reserved.
--> Parameter TMPDIR set to xst/projnav.tmp


Total REAL time to Xst completion: 0.00 secs
Total CPU time to Xst completion: 0.08 secs
 
--> Parameter xsthdpdir set to xst


Total REAL time to Xst completion: 0.00 secs
Total CPU time to Xst completion: 0.08 secs
 
--> Reading design: blockl.prj

TABLE OF CONTENTS
  1) Synthesis Options Summary
  2) HDL Parsing
  3) HDL Elaboration
  4) HDL Synthesis
       4.1) HDL Synthesis Report
  5) Advanced HDL Synthesis
       5.1) Advanced HDL Synthesis Report
  6) Low Level Synthesis
  7) Partition Report
  8) Design Summary
       8.1) Primitive and Black Box Usage
       8.2) Device utilization summary
       8.3) Partition Resource Summary
       8.4) Timing Report
            8.4.1) Clock Information
            8.4.2) Asynchronous Control Signals Information
            8.4.3) Timing Summary
            8.4.4) Timing Details
            8.4.5) Cross Clock Domains Report


=========================================================================
*                      Synthesis Options Summary                        *
=========================================================================
---- Source Parameters
Input File Name                    : "blockl.prj"
Ignore Synthesis Constraint File   : NO

---- Target Parameters
Output File Name                   : "blockl"
Output Format                      : NGC
Target Device                      : xa7a100t-2I-csg324

---- Source Options
Top Module Name                    : blockl
Automatic FSM Extraction           : YES
FSM Encoding Algorithm             : Auto
Safe Implementation                : No
FSM Style                          : LUT
RAM Extraction                     : Yes
RAM Style                          : Auto
ROM Extraction                     : Yes
Shift Register Extraction          : YES
ROM Style                          : Auto
Resource Sharing                   : YES
Asynchronous To Synchronous        : NO
Shift Register Minimum Size        : 2
Use DSP Block                      : Auto
Automatic Register Balancing       : No

---- Target Options
LUT Combining                      : Auto
Reduce Control Sets                : Auto
Add IO Buffers                     : YES
Global Maximum Fanout              : 100000
Add Generic Clock Buffer(BUFG)     : 32
Register Duplication               : YES
Optimize Instantiated Primitives   : NO
Use Clock Enable                   : Auto
Use Synchronous Set                : Auto
Use Synchronous Reset              : Auto
Pack IO Registers into IOBs        : Auto
Equivalent register Removal        : YES

---- General Options
Optimization Goal                  : Speed
Optimization Effort                : 1
Power Reduction                    : NO
Keep Hierarchy                     : No
Netlist Hierarchy                  : As_Optimized
RTL Output                         : Yes
Global Optimization                : AllClockNets
Read Cores                         : YES
Write Timing Constraints           : NO
Cross Clock Analysis               : NO
Hierarchy Separator                : /
Bus Delimiter                      : <>
Case Specifier                     : Maintain
Slice Utilization Ratio            : 100
BRAM Utilization Ratio             : 100
DSP48 Utilization Ratio            : 100
Auto BRAM Packing                  : NO
Slice Utilization Ratio Delta      : 5

=========================================================================


=========================================================================
*                          HDL Parsing                                  *
=========================================================================
Parsing VHDL file "F:\Ain Shams\Fall 2021\Assignments\Assignments - CSE312 - Electronic Design Automation\Final Project\habal.vhd" into library work
Parsing entity <blockl>.
Parsing architecture <test> of entity <blockl>.

=========================================================================
*                            HDL Elaboration                            *
=========================================================================

Elaborating entity <blockl> (architecture <test>) from library <work>.
WARNING:HDLCompiler:92 - "F:\Ain Shams\Fall 2021\Assignments\Assignments - CSE312 - Electronic Design Automation\Final Project\habal.vhd" Line 14: en should be on the sensitivity list of the process
WARNING:HDLCompiler:92 - "F:\Ain Shams\Fall 2021\Assignments\Assignments - CSE312 - Electronic Design Automation\Final Project\habal.vhd" Line 16: n should be on the sensitivity list of the process
WARNING:HDLCompiler:92 - "F:\Ain Shams\Fall 2021\Assignments\Assignments - CSE312 - Electronic Design Automation\Final Project\habal.vhd" Line 17: d should be on the sensitivity list of the process

=========================================================================
*                           HDL Synthesis                               *
=========================================================================

Synthesizing Unit <blockl>.
    Related source file is "F:\Ain Shams\Fall 2021\Assignments\Assignments - CSE312 - Electronic Design Automation\Final Project\habal.vhd".
WARNING:Xst:737 - Found 1-bit latch for signal <n>. Latches may be generated from incomplete case or if statements. We do not recommend the use of latches in FPGA/CPLD designs, as they may lead to timing problems.
WARNING:Xst:737 - Found 1-bit latch for signal <q>. Latches may be generated from incomplete case or if statements. We do not recommend the use of latches in FPGA/CPLD designs, as they may lead to timing problems.
    Summary:
	inferred   2 Latch(s).
Unit <blockl> synthesized.

=========================================================================
HDL Synthesis Report

Macro Statistics
# Latches                                              : 2
 1-bit latch                                           : 2

=========================================================================

=========================================================================
*                       Advanced HDL Synthesis                          *
=========================================================================

WARNING:Xst - The specified part-type was not generated at build time. XST is loading the full part-type and will therefore consume more CPU and memory.
Loading device for application Rf_Device from file '7a100t.nph' in environment C:\Xilinx\14.5\ISE_DS\ISE\.
Loading device for application Rf_Device from file '7a100t.nph' in environment C:\Xilinx\14.5\ISE_DS\ISE\.

=========================================================================
Advanced HDL Synthesis Report

Found no macro
=========================================================================

=========================================================================
*                         Low Level Synthesis                           *
=========================================================================

Optimizing unit <blockl> ...

Mapping all equations...
Building and optimizing final netlist ...
Found area constraint ratio of 100 (+ 5) on block blockl, actual ratio is 0.

Final Macro Processing ...

=========================================================================
Final Register Report

Found no macro
=========================================================================

=========================================================================
*                           Partition Report                            *
=========================================================================

Partition Implementation Status
-------------------------------

  No Partitions were found in this design.

-------------------------------

=========================================================================
*                            Design Summary                             *
=========================================================================

Top Level Output File Name         : blockl.ngc

Primitive and Black Box Usage:
------------------------------
# BELS                             : 2
#      LUT2                        : 1
#      LUT3                        : 1
# FlipFlops/Latches                : 2
#      LD                          : 2
# Clock Buffers                    : 1
#      BUFGP                       : 1
# IO Buffers                       : 5
#      IBUF                        : 4
#      OBUF                        : 1

Device utilization summary:
---------------------------

Selected Device : xa7a100tcsg324-2i 


Slice Logic Utilization: 
 Number of Slice Registers:               2  out of  126800     0%  
 Number of Slice LUTs:                    2  out of  63400     0%  
    Number used as Logic:                 2  out of  63400     0%  

Slice Logic Distribution: 
 Number of LUT Flip Flop pairs used:      4
   Number with an unused Flip Flop:       2  out of      4    50%  
   Number with an unused LUT:             2  out of      4    50%  
   Number of fully used LUT-FF pairs:     0  out of      4     0%  
   Number of unique control sets:         1

IO Utilization: 
 Number of IOs:                           6
 Number of bonded IOBs:                   6  out of    210     2%  

Specific Feature Utilization:
 Number of BUFG/BUFGCTRL/BUFHCEs:         1  out of    128     0%  

---------------------------
Partition Resource Summary:
---------------------------

  No Partitions were found in this design.

---------------------------


=========================================================================
Timing Report

NOTE: THESE TIMING NUMBERS ARE ONLY A SYNTHESIS ESTIMATE.
      FOR ACCURATE TIMING INFORMATION PLEASE REFER TO THE TRACE REPORT
      GENERATED AFTER PLACE-and-ROUTE.

Clock Information:
------------------
-----------------------------------+------------------------+-------+
Clock Signal                       | Clock buffer(FF name)  | Load  |
-----------------------------------+------------------------+-------+
en                                 | BUFGP                  | 2     |
-----------------------------------+------------------------+-------+

Asynchronous Control Signals Information:
----------------------------------------
No asynchronous control signals found in this design

Timing Summary:
---------------
Speed Grade: -2

   Minimum period: 0.924ns (Maximum Frequency: 1082.075MHz)
   Minimum input arrival time before clock: 0.669ns
   Maximum output required time after clock: 0.811ns
   Maximum combinational path delay: No path found

Timing Details:
---------------
All values displayed in nanoseconds (ns)

=========================================================================
Timing constraint: Default period analysis for Clock 'en'
  Clock period: 0.924ns (frequency: 1082.075MHz)
  Total number of paths / destination ports: 1 / 1
-------------------------------------------------------------------------
Delay:               0.924ns (Levels of Logic = 1)
  Source:            n (LATCH)
  Destination:       q (LATCH)
  Source Clock:      en falling
  Destination Clock: en falling

  Data Path: n to q
                                Gate     Net
    Cell:in->out      fanout   Delay   Delay  Logical Name (Net Name)
    ----------------------------------------  ------------
     LD:G->Q               1   0.472   0.355  n (n)
     LUT3:I2->O            1   0.097   0.000  a_n_NOR_1_o1 (a_n_NOR_1_o)
     LD:D                     -0.028          q
    ----------------------------------------
    Total                      0.924ns (0.569ns logic, 0.355ns route)
                                       (61.6% logic, 38.4% route)

=========================================================================
Timing constraint: Default OFFSET IN BEFORE for Clock 'en'
  Total number of paths / destination ports: 4 / 2
-------------------------------------------------------------------------
Offset:              0.669ns (Levels of Logic = 2)
  Source:            b (PAD)
  Destination:       q (LATCH)
  Destination Clock: en falling

  Data Path: b to q
                                Gate     Net
    Cell:in->out      fanout   Delay   Delay  Logical Name (Net Name)
    ----------------------------------------  ------------
     IBUF:I->O             1   0.001   0.571  b_IBUF (b_IBUF)
     LUT3:I0->O            1   0.097   0.000  a_n_NOR_1_o1 (a_n_NOR_1_o)
     LD:D                     -0.028          q
    ----------------------------------------
    Total                      0.669ns (0.098ns logic, 0.571ns route)
                                       (14.6% logic, 85.4% route)

=========================================================================
Timing constraint: Default OFFSET OUT AFTER for Clock 'en'
  Total number of paths / destination ports: 1 / 1
-------------------------------------------------------------------------
Offset:              0.811ns (Levels of Logic = 1)
  Source:            q (LATCH)
  Destination:       q (PAD)
  Source Clock:      en falling

  Data Path: q to q
                                Gate     Net
    Cell:in->out      fanout   Delay   Delay  Logical Name (Net Name)
    ----------------------------------------  ------------
     LD:G->Q               1   0.472   0.339  q (q_OBUF)
     OBUF:I->O                 0.000          q_OBUF (q)
    ----------------------------------------
    Total                      0.811ns (0.472ns logic, 0.339ns route)
                                       (58.2% logic, 41.8% route)

=========================================================================

Cross Clock Domains Report:
--------------------------

Clock to Setup on destination clock en
---------------+---------+---------+---------+---------+
               | Src:Rise| Src:Fall| Src:Rise| Src:Fall|
Source Clock   |Dest:Rise|Dest:Rise|Dest:Fall|Dest:Fall|
---------------+---------+---------+---------+---------+
en             |         |         |    0.924|         |
---------------+---------+---------+---------+---------+

=========================================================================


Total REAL time to Xst completion: 19.00 secs
Total CPU time to Xst completion: 19.61 secs
 
--> 

Total memory usage is 4991640 kilobytes

Number of errors   :    0 (   0 filtered)
Number of warnings :    6 (   0 filtered)
Number of infos    :    0 (   0 filtered)

